2020-10-16 06:04:21 ERROR (SyncWorker_16) [homeassistant.components.smtp.notify] SMTP server not found or refused connection (smtp.united.net:587). Please check the IP address, hostname, and availability of your SMTP server
Traceback (most recent call last):
  File "/srv/homeassistant/lib/python3.7/site-packages/homeassistant/components/smtp/notify.py", line 137, in connection_is_valid
    server = self.connect()
  File "/srv/homeassistant/lib/python3.7/site-packages/homeassistant/components/smtp/notify.py", line 123, in connect
    mail = smtplib.SMTP(self._server, self._port, timeout=self._timeout)
  File "/usr/lib/python3.7/smtplib.py", line 251, in __init__
    (code, msg) = self.connect(host, port)
  File "/usr/lib/python3.7/smtplib.py", line 336, in connect
    self.sock = self._get_socket(host, port, self.timeout)
  File "/usr/lib/python3.7/smtplib.py", line 307, in _get_socket
    self.source_address)
  File "/usr/lib/python3.7/socket.py", line 707, in create_connection
    for res in getaddrinfo(host, port, 0, SOCK_STREAM):
  File "/usr/lib/python3.7/socket.py", line 748, in getaddrinfo
    for res in _socket.getaddrinfo(host, port, family, type, proto, flags):
socket.gaierror: [Errno -3] Temporary failure in name resolution
2020-10-16 06:04:21 ERROR (SyncWorker_18) [homeassistant.components.smtp.notify] SMTP server not found or refused connection (smtp.united.net:587). Please check the IP address, hostname, and availability of your SMTP server
Traceback (most recent call last):
  File "/srv/homeassistant/lib/python3.7/site-packages/homeassistant/components/smtp/notify.py", line 137, in connection_is_valid
    server = self.connect()
  File "/srv/homeassistant/lib/python3.7/site-packages/homeassistant/components/smtp/notify.py", line 123, in connect
    mail = smtplib.SMTP(self._server, self._port, timeout=self._timeout)
  File "/usr/lib/python3.7/smtplib.py", line 251, in __init__
    (code, msg) = self.connect(host, port)
  File "/usr/lib/python3.7/smtplib.py", line 336, in connect
    self.sock = self._get_socket(host, port, self.timeout)
  File "/usr/lib/python3.7/smtplib.py", line 307, in _get_socket
    self.source_address)
  File "/usr/lib/python3.7/socket.py", line 707, in create_connection
    for res in getaddrinfo(host, port, 0, SOCK_STREAM):
  File "/usr/lib/python3.7/socket.py", line 748, in getaddrinfo
    for res in _socket.getaddrinfo(host, port, family, type, proto, flags):
socket.gaierror: [Errno -3] Temporary failure in name resolution
2020-10-16 06:04:21 ERROR (SyncWorker_19) [homeassistant.components.smtp.notify] SMTP server not found or refused connection (smtp.united.net:587). Please check the IP address, hostname, and availability of your SMTP server
Traceback (most recent call last):
  File "/srv/homeassistant/lib/python3.7/site-packages/homeassistant/components/smtp/notify.py", line 137, in connection_is_valid
    server = self.connect()
  File "/srv/homeassistant/lib/python3.7/site-packages/homeassistant/components/smtp/notify.py", line 123, in connect
    mail = smtplib.SMTP(self._server, self._port, timeout=self._timeout)
  File "/usr/lib/python3.7/smtplib.py", line 251, in __init__
    (code, msg) = self.connect(host, port)
  File "/usr/lib/python3.7/smtplib.py", line 336, in connect
    self.sock = self._get_socket(host, port, self.timeout)
  File "/usr/lib/python3.7/smtplib.py", line 307, in _get_socket
    self.source_address)
  File "/usr/lib/python3.7/socket.py", line 707, in create_connection
    for res in getaddrinfo(host, port, 0, SOCK_STREAM):
  File "/usr/lib/python3.7/socket.py", line 748, in getaddrinfo
    for res in _socket.getaddrinfo(host, port, family, type, proto, flags):
socket.gaierror: [Errno -3] Temporary failure in name resolution
2020-10-16 06:04:22 ERROR (MainThread) [homeassistant.components.updater] Error requesting Home Assistant update data: Cannot connect to host updater.home-assistant.io:443 ssl:None [Temporary failure in name resolution]
2020-10-16 06:04:22 ERROR (MainThread) [homeassistant.components.ipp] Error fetching ipp data: Invalid response from API: Error occurred while communicating with IPP server.
2020-10-16 06:04:22 WARNING (MainThread) [homeassistant.config_entries] Config entry for ipp not ready yet. Retrying in 5 seconds
2020-10-16 06:08:01 ERROR (MainThread) [homeassistant.components.generic.camera] Timeout getting camera image from camperCam
2020-10-16 06:21:41 ERROR (MainThread) [homeassistant.components.generic.camera] Timeout getting camera image from camperCam
2020-10-16 06:24:40 ERROR (MainThread) [homeassistant.components.generic.camera] Error getting new camera image from camperCam: Response payload is not completed
2020-10-16 06:44:52 ERROR (MainThread) [homeassistant.components.generic.camera] Timeout getting camera image from camperCam
2020-10-16 06:49:37 ERROR (MainThread) [homeassistant.components.generic.camera] Error getting new camera image from camperCam: Cannot connect to host 10.10.6.186:80 ssl:None [Connect call failed ('10.10.6.186', 80)]
2020-10-16 07:04:49 ERROR (MainThread) [homeassistant.components.generic.camera] Error getting new camera image from camperCam: Response payload is not completed
2020-10-16 07:11:17 ERROR (MainThread) [homeassistant.components.ipp] Error fetching ipp data: Invalid response from API: Timeout occurred while connecting to IPP server.
2020-10-16 07:14:44 ERROR (MainThread) [homeassistant.components.generic.camera] Timeout getting camera image from camperCam
2020-10-16 07:19:45 ERROR (MainThread) [homeassistant.components.generic.camera] Timeout getting camera image from camperCam
2020-10-16 07:25:36 ERROR (MainThread) [homeassistant.components.generic.camera] Timeout getting camera image from camperCam
2020-10-16 07:28:28 ERROR (MainThread) [homeassistant.components.ipp] Error fetching ipp data: Invalid response from API: Timeout occurred while connecting to IPP server.
2020-10-16 07:43:17 ERROR (MainThread) [homeassistant.components.generic.camera] Error getting new camera image from camperCam: Response payload is not completed
2020-10-16 07:46:10 ERROR (MainThread) [homeassistant.components.generic.camera] Error getting new camera image from camperCam: Response payload is not completed
2020-10-16 07:46:21 ERROR (MainThread) [homeassistant.components.generic.camera] Timeout getting camera image from camperCam
2020-10-16 07:46:45 ERROR (MainThread) [homeassistant.components.generic.camera] Timeout getting camera image from camperCam
2020-10-16 07:49:44 ERROR (MainThread) [homeassistant.components.generic.camera] Timeout getting camera image from camperCam
2020-10-16 07:58:39 ERROR (MainThread) [homeassistant.components.generic.camera] Error getting new camera image from camperCam: Response payload is not completed
2020-10-16 08:00:56 ERROR (MainThread) [homeassistant.components.generic.camera] Timeout getting camera image from camperCam
2020-10-16 08:04:44 ERROR (MainThread) [homeassistant.components.generic.camera] Timeout getting camera image from camperCam
2020-10-16 08:06:36 ERROR (MainThread) [homeassistant.components.generic.camera] Timeout getting camera image from camperCam
2020-10-16 08:10:38 ERROR (MainThread) [homeassistant.components.generic.camera] Timeout getting camera image from camperCam
2020-10-16 08:10:41 ERROR (MainThread) [homeassistant.components.generic.camera] Error getting new camera image from camperCam: Response payload is not completed
2020-10-16 08:15:09 ERROR (MainThread) [homeassistant.components.generic.camera] Timeout getting camera image from camperCam
2020-10-16 08:19:35 ERROR (MainThread) [homeassistant.components.generic.camera] Timeout getting camera image from camperCam
2020-10-16 10:36:12 ERROR (MainThread) [homeassistant.components.ipp] Error fetching ipp data: Invalid response from API: Timeout occurred while connecting to IPP server.
2020-10-16 13:44:11 ERROR (MainThread) [homeassistant] Error doing job: Fatal read error on socket transport
Traceback (most recent call last):
  File "/usr/lib/python3.7/asyncio/selector_events.py", line 801, in _read_ready__data_received
    data = self._sock.recv(self.max_size)
TimeoutError: [Errno 110] Connection timed out
2020-10-16 13:45:02 ERROR (MainThread) [homeassistant] Error doing job: Fatal read error on socket transport
Traceback (most recent call last):
  File "/usr/lib/python3.7/asyncio/selector_events.py", line 801, in _read_ready__data_received
    data = self._sock.recv(self.max_size)
TimeoutError: [Errno 110] Connection timed out
2020-10-16 13:53:14 WARNING (MainThread) [homeassistant.components.http.ban] Login attempt or request with invalid authentication from 10.10.6.254
2020-10-16 13:53:14 WARNING (MainThread) [homeassistant.components.http.ban] Login attempt or request with invalid authentication from 10.10.6.254
2020-10-16 13:53:14 WARNING (MainThread) [homeassistant.components.http.ban] Login attempt or request with invalid authentication from 10.10.6.254
2020-10-16 19:05:24 WARNING (MainThread) [homeassistant.components.http.ban] Login attempt or request with invalid authentication from 10.10.6.254
2020-10-16 19:05:25 WARNING (MainThread) [homeassistant.components.http.ban] Login attempt or request with invalid authentication from 10.10.6.254
2020-10-16 19:05:25 WARNING (MainThread) [homeassistant.components.http.ban] Login attempt or request with invalid authentication from 10.10.6.254
2020-10-16 19:05:25 WARNING (MainThread) [homeassistant.components.http.ban] Login attempt or request with invalid authentication from 10.10.6.254
2020-10-16 19:05:25 WARNING (MainThread) [homeassistant.components.http.ban] Login attempt or request with invalid authentication from 10.10.6.254
2020-10-16 19:05:25 WARNING (MainThread) [homeassistant.components.http.ban] Login attempt or request with invalid authentication from 10.10.6.254
2020-10-16 19:30:30 ERROR (MainThread) [homeassistant.components.generic.camera] Timeout getting camera image from camperCam
2020-10-16 19:32:22 ERROR (MainThread) [homeassistant.components.generic.camera] Timeout getting camera image from camperCam
2020-10-16 19:35:25 ERROR (MainThread) [homeassistant.components.generic.camera] Timeout getting camera image from camperCam
2020-10-16 19:39:20 ERROR (MainThread) [homeassistant.components.generic.camera] Timeout getting camera image from camperCam
2020-10-16 19:39:43 ERROR (MainThread) [homeassistant.components.generic.camera] Error getting new camera image from camperCam: Response payload is not completed
2020-10-16 19:41:11 ERROR (MainThread) [homeassistant.components.generic.camera] Timeout getting camera image from camperCam
2020-10-16 19:53:21 ERROR (MainThread) [homeassistant.components.generic.camera] Timeout getting camera image from camperCam
2020-10-16 19:55:04 ERROR (MainThread) [homeassistant.components.generic.camera] Error getting new camera image from camperCam: Response payload is not completed
2020-10-16 20:07:59 ERROR (MainThread) [homeassistant.components.generic.camera] Timeout getting camera image from camperCam
2020-10-16 20:19:59 ERROR (MainThread) [homeassistant.components.generic.camera] Error getting new camera image from camperCam: Response payload is not completed
2020-10-16 20:32:58 ERROR (MainThread) [homeassistant.components.generic.camera] Timeout getting camera image from camperCam
2020-10-16 20:38:27 ERROR (MainThread) [homeassistant.components.generic.camera] Timeout getting camera image from camperCam
2020-10-16 20:40:10 ERROR (MainThread) [homeassistant.components.generic.camera] Timeout getting camera image from camperCam
2020-10-16 20:45:22 ERROR (MainThread) [homeassistant.components.generic.camera] Timeout getting camera image from camperCam
2020-10-16 20:55:08 ERROR (MainThread) [homeassistant.components.generic.camera] Timeout getting camera image from camperCam
2020-10-16 21:11:31 ERROR (MainThread) [homeassistant.components.generic.camera] Timeout getting camera image from camperCam
2020-10-16 21:19:46 ERROR (MainThread) [homeassistant.components.generic.camera] Error getting new camera image from camperCam: Response payload is not completed
2020-10-16 21:39:06 ERROR (MainThread) [homeassistant.components.generic.camera] Timeout getting camera image from camperCam
2020-10-16 21:44:39 ERROR (MainThread) [homeassistant.components.generic.camera] Error getting new camera image from camperCam: Response payload is not completed
2020-10-16 21:49:53 ERROR (MainThread) [homeassistant.components.generic.camera] Error getting new camera image from camperCam: Response payload is not completed
2020-10-16 21:52:29 ERROR (MainThread) [homeassistant.components.generic.camera] Timeout getting camera image from camperCam
2020-10-16 21:54:37 ERROR (MainThread) [homeassistant.components.generic.camera] Error getting new camera image from camperCam: Response payload is not completed
2020-10-16 22:10:38 ERROR (MainThread) [homeassistant.components.generic.camera] Timeout getting camera image from camperCam
2020-10-16 22:14:41 ERROR (MainThread) [homeassistant.components.generic.camera] Error getting new camera image from camperCam: Response payload is not completed
2020-10-16 22:18:24 ERROR (MainThread) [homeassistant.components.generic.camera] Timeout getting camera image from camperCam
2020-10-16 22:22:58 ERROR (MainThread) [homeassistant.components.generic.camera] Timeout getting camera image from camperCam
2020-10-16 22:29:09 ERROR (MainThread) [homeassistant.components.generic.camera] Timeout getting camera image from camperCam
2020-10-16 22:29:57 ERROR (MainThread) [homeassistant.components.generic.camera] Error getting new camera image from camperCam: Response payload is not completed
2020-10-16 22:32:02 ERROR (MainThread) [homeassistant.components.generic.camera] Timeout getting camera image from camperCam
2020-10-16 22:34:25 ERROR (MainThread) [homeassistant.components.generic.camera] Timeout getting camera image from camperCam
2020-10-16 22:38:20 ERROR (MainThread) [homeassistant.components.generic.camera] Timeout getting camera image from camperCam
2020-10-16 22:40:58 ERROR (MainThread) [homeassistant.components.generic.camera] Timeout getting camera image from camperCam
2020-10-16 23:09:41 ERROR (MainThread) [homeassistant.components.generic.camera] Timeout getting camera image from camperCam
2020-10-16 23:12:55 ERROR (MainThread) [homeassistant.components.generic.camera] Timeout getting camera image from camperCam
2020-10-16 23:19:16 ERROR (MainThread) [homeassistant.components.generic.camera] Timeout getting camera image from camperCam
2020-10-16 23:19:57 ERROR (MainThread) [homeassistant.components.generic.camera] Error getting new camera image from camperCam: Response payload is not completed
2020-10-16 23:25:30 ERROR (MainThread) [homeassistant.components.generic.camera] Timeout getting camera image from camperCam
2020-10-16 23:29:46 ERROR (MainThread) [homeassistant.components.generic.camera] Error getting new camera image from camperCam: Response payload is not completed
2020-10-16 23:52:24 ERROR (MainThread) [homeassistant.components.generic.camera] Timeout getting camera image from camperCam
2020-10-17 00:10:13 ERROR (MainThread) [homeassistant.components.generic.camera] Error getting new camera image from camperCam: Response payload is not completed
2020-10-17 00:12:14 ERROR (MainThread) [homeassistant.components.generic.camera] Timeout getting camera image from camperCam
2020-10-17 00:12:25 ERROR (MainThread) [homeassistant.components.generic.camera] Timeout getting camera image from camperCam
2020-10-17 00:21:49 ERROR (MainThread) [homeassistant.components.generic.camera] Timeout getting camera image from camperCam
2020-10-17 00:26:32 ERROR (MainThread) [homeassistant.components.generic.camera] Timeout getting camera image from camperCam
2020-10-17 00:40:41 ERROR (MainThread) [homeassistant.components.generic.camera] Timeout getting camera image from camperCam
2020-10-17 00:53:41 ERROR (MainThread) [homeassistant.components.generic.camera] Timeout getting camera image from camperCam
2020-10-17 01:04:35 ERROR (MainThread) [homeassistant.components.generic.camera] Error getting new camera image from camperCam: Response payload is not completed
2020-10-17 01:20:24 ERROR (MainThread) [homeassistant.components.generic.camera] Timeout getting camera image from camperCam
2020-10-17 01:20:37 ERROR (MainThread) [homeassistant.components.generic.camera] Timeout getting camera image from camperCam
2020-10-17 01:28:44 ERROR (MainThread) [homeassistant.components.generic.camera] Timeout getting camera image from camperCam
2020-10-17 01:49:45 ERROR (MainThread) [homeassistant.components.generic.camera] Error getting new camera image from camperCam: Response payload is not completed
2020-10-17 01:51:03 ERROR (MainThread) [homeassistant.components.generic.camera] Timeout getting camera image from camperCam
2020-10-17 02:02:41 ERROR (MainThread) [homeassistant.components.generic.camera] Timeout getting camera image from camperCam
2020-10-17 02:04:45 ERROR (MainThread) [homeassistant.components.generic.camera] Error getting new camera image from camperCam: Response payload is not completed
2020-10-17 02:04:56 ERROR (MainThread) [homeassistant.components.generic.camera] Timeout getting camera image from camperCam
2020-10-17 02:08:20 ERROR (MainThread) [homeassistant.components.generic.camera] Timeout getting camera image from camperCam
2020-10-17 02:11:35 ERROR (MainThread) [homeassistant.components.generic.camera] Timeout getting camera image from camperCam
2020-10-17 02:20:01 ERROR (MainThread) [homeassistant.components.generic.camera] Timeout getting camera image from camperCam
2020-10-17 02:21:52 ERROR (MainThread) [homeassistant.components.generic.camera] Timeout getting camera image from camperCam
2020-10-17 02:25:44 ERROR (MainThread) [homeassistant.components.generic.camera] Error getting new camera image from camperCam: Response payload is not completed
2020-10-17 02:34:41 ERROR (MainThread) [homeassistant.components.generic.camera] Error getting new camera image from camperCam: Response payload is not completed
2020-10-17 02:44:37 ERROR (MainThread) [homeassistant.components.generic.camera] Error getting new camera image from camperCam: Response payload is not completed
2020-10-17 02:45:01 ERROR (MainThread) [homeassistant.components.generic.camera] Timeout getting camera image from camperCam
2020-10-17 02:48:20 ERROR (MainThread) [homeassistant.components.generic.camera] Timeout getting camera image from camperCam
2020-10-17 02:49:17 ERROR (MainThread) [homeassistant.components.generic.camera] Timeout getting camera image from camperCam
2020-10-17 02:59:44 ERROR (MainThread) [homeassistant.components.generic.camera] Timeout getting camera image from camperCam
2020-10-17 03:26:28 ERROR (MainThread) [homeassistant.components.generic.camera] Timeout getting camera image from camperCam
2020-10-17 03:41:52 ERROR (MainThread) [homeassistant.components.generic.camera] Timeout getting camera image from camperCam
2020-10-17 03:55:20 ERROR (MainThread) [homeassistant.components.generic.camera] Timeout getting camera image from camperCam
2020-10-17 03:59:53 ERROR (MainThread) [homeassistant.components.generic.camera] Timeout getting camera image from camperCam
2020-10-17 04:13:01 ERROR (MainThread) [homeassistant.components.generic.camera] Timeout getting camera image from camperCam
2020-10-17 04:13:12 ERROR (MainThread) [homeassistant.components.generic.camera] Timeout getting camera image from camperCam
2020-10-17 04:13:23 ERROR (MainThread) [homeassistant.components.generic.camera] Timeout getting camera image from camperCam
2020-10-17 04:14:00 ERROR (MainThread) [homeassistant.components.generic.camera] Timeout getting camera image from camperCam
2020-10-17 04:24:40 ERROR (MainThread) [homeassistant.components.generic.camera] Error getting new camera image from camperCam: Response payload is not completed
2020-10-17 04:24:46 ERROR (MainThread) [homeassistant.components.generic.camera] Error getting new camera image from camperCam: Response payload is not completed
2020-10-17 04:34:47 ERROR (MainThread) [homeassistant.components.generic.camera] Timeout getting camera image from camperCam
2020-10-17 04:39:47 ERROR (MainThread) [homeassistant.components.generic.camera] Timeout getting camera image from camperCam
2020-10-17 04:49:43 ERROR (MainThread) [homeassistant.components.generic.camera] Error getting new camera image from camperCam: Response payload is not completed
2020-10-17 04:50:33 ERROR (MainThread) [homeassistant.components.generic.camera] Timeout getting camera image from camperCam
2020-10-17 04:56:08 ERROR (MainThread) [homeassistant.components.generic.camera] Timeout getting camera image from camperCam
2020-10-17 04:56:47 ERROR (MainThread) [homeassistant.components.generic.camera] Timeout getting camera image from camperCam
2020-10-17 05:11:34 ERROR (MainThread) [homeassistant.components.generic.camera] Timeout getting camera image from camperCam
2020-10-17 05:14:10 ERROR (MainThread) [homeassistant.components.generic.camera] Timeout getting camera image from camperCam
2020-10-17 05:15:55 ERROR (MainThread) [homeassistant.components.generic.camera] Error getting new camera image from camperCam: Response payload is not completed
2020-10-17 05:19:37 ERROR (MainThread) [homeassistant.components.generic.camera] Error getting new camera image from camperCam: Response payload is not completed
2020-10-17 05:33:45 ERROR (MainThread) [homeassistant.components.generic.camera] Timeout getting camera image from camperCam
2020-10-17 05:47:09 ERROR (MainThread) [homeassistant.components.generic.camera] Timeout getting camera image from camperCam
2020-10-17 05:54:47 ERROR (MainThread) [homeassistant.components.generic.camera] Error getting new camera image from camperCam: Response payload is not completed
2020-10-17 06:04:43 ERROR (MainThread) [homeassistant.components.generic.camera] Error getting new camera image from camperCam: Response payload is not completed
2020-10-17 06:25:56 ERROR (MainThread) [homeassistant.components.generic.camera] Timeout getting camera image from camperCam
2020-10-17 06:47:17 ERROR (MainThread) [homeassistant.components.generic.camera] Timeout getting camera image from camperCam
2020-10-17 06:51:05 ERROR (MainThread) [homeassistant.components.generic.camera] Timeout getting camera image from camperCam
2020-10-17 06:59:45 ERROR (MainThread) [homeassistant.components.generic.camera] Timeout getting camera image from camperCam
2020-10-17 07:08:11 ERROR (MainThread) [homeassistant.components.generic.camera] Timeout getting camera image from camperCam
2020-10-17 07:20:12 ERROR (MainThread) [homeassistant.components.generic.camera] Timeout getting camera image from camperCam
2020-10-17 07:25:28 ERROR (MainThread) [homeassistant.components.generic.camera] Error getting new camera image from camperCam: Response payload is not completed
2020-10-17 07:34:58 ERROR (MainThread) [homeassistant.components.generic.camera] Timeout getting camera image from camperCam
2020-10-17 07:35:55 ERROR (MainThread) [homeassistant.components.generic.camera] Error getting new camera image from camperCam: Response payload is not completed
2020-10-17 07:40:09 ERROR (MainThread) [homeassistant.components.generic.camera] Error getting new camera image from camperCam: Response payload is not completed
2020-10-17 07:48:40 ERROR (MainThread) [homeassistant.components.generic.camera] Timeout getting camera image from camperCam
2020-10-17 07:49:40 ERROR (MainThread) [homeassistant.components.generic.camera] Error getting new camera image from camperCam: Response payload is not completed
2020-10-17 07:56:08 ERROR (MainThread) [homeassistant.components.generic.camera] Timeout getting camera image from camperCam
2020-10-17 08:00:53 ERROR (MainThread) [homeassistant.components.generic.camera] Timeout getting camera image from camperCam
2020-10-17 08:33:25 ERROR (MainThread) [homeassistant.components.ipp] Error fetching ipp data: Invalid response from API: Timeout occurred while connecting to IPP server.
2020-10-17 12:05:45 ERROR (MainThread) [homeassistant.components.generic.camera] Timeout getting camera image from camperCam
2020-10-17 12:07:31 ERROR (MainThread) [homeassistant.components.generic.camera] Error getting new camera image from camperCam: Response payload is not completed
2020-10-17 12:16:33 ERROR (MainThread) [homeassistant.components.generic.camera] Error getting new camera image from camperCam: Response payload is not completed
2020-10-17 12:16:57 ERROR (MainThread) [homeassistant.components.generic.camera] Timeout getting camera image from gateCam
2020-10-17 12:16:57 ERROR (MainThread) [homeassistant.components.generic.camera] Timeout getting camera image from gateCam
2020-10-17 12:17:07 ERROR (MainThread) [homeassistant.components.generic.camera] Timeout getting camera image from gateCam
2020-10-17 12:17:08 ERROR (MainThread) [homeassistant.components.generic.camera] Timeout getting camera image from gateCam
2020-10-17 12:17:18 ERROR (MainThread) [homeassistant.components.generic.camera] Timeout getting camera image from gateCam
2020-10-17 12:17:18 ERROR (MainThread) [homeassistant.components.generic.camera] Timeout getting camera image from gateCam
2020-10-17 12:17:28 ERROR (MainThread) [homeassistant.components.generic.camera] Timeout getting camera image from gateCam
2020-10-17 12:17:29 ERROR (MainThread) [homeassistant.components.generic.camera] Timeout getting camera image from gateCam
2020-10-17 12:21:35 ERROR (MainThread) [homeassistant.components.generic.camera] Timeout getting camera image from camperCam
2020-10-17 12:21:59 ERROR (MainThread) [homeassistant.components.generic.camera] Timeout getting camera image from camperCam
2020-10-17 15:06:46 WARNING (MainThread) [homeassistant.components.http.ban] Login attempt or request with invalid authentication from 10.10.6.254
2020-10-17 15:06:47 WARNING (MainThread) [homeassistant.components.http.ban] Login attempt or request with invalid authentication from 10.10.6.254
2020-10-17 15:06:47 WARNING (MainThread) [homeassistant.components.http.ban] Login attempt or request with invalid authentication from 10.10.6.254
2020-10-17 15:16:40 ERROR (MainThread) [homeassistant.components.generic.camera] Error getting new camera image from camperCam: Response payload is not completed
2020-10-17 15:21:16 ERROR (MainThread) [homeassistant.components.generic.camera] Error getting new camera image from camperCam: Response payload is not completed
2020-10-17 15:21:49 ERROR (MainThread) [homeassistant.components.generic.camera] Error getting new camera image from camperCam: Response payload is not completed
2020-10-17 15:35:54 ERROR (MainThread) [homeassistant.components.generic.camera] Error getting new camera image from camperCam: Response payload is not completed
2020-10-17 15:39:12 ERROR (MainThread) [homeassistant.components.ipp] Error fetching ipp data: Invalid response from API: Timeout occurred while connecting to IPP server.
2020-10-17 15:46:49 ERROR (MainThread) [homeassistant.components.generic.camera] Timeout getting camera image from camperCam
2020-10-17 15:53:44 ERROR (MainThread) [homeassistant.components.generic.camera] Timeout getting camera image from camperCam
2020-10-17 16:01:44 ERROR (MainThread) [homeassistant.components.generic.camera] Timeout getting camera image from camperCam
2020-10-17 16:13:25 ERROR (MainThread) [homeassistant.components.generic.camera] Timeout getting camera image from camperCam
2020-10-17 16:18:26 ERROR (MainThread) [homeassistant.components.generic.camera] Timeout getting camera image from camperCam
2020-10-17 16:18:59 ERROR (MainThread) [homeassistant.components.generic.camera] Error getting new camera image from camperCam: Response payload is not completed
2020-10-17 16:22:15 ERROR (MainThread) [homeassistant.components.ipp] Error fetching ipp data: Invalid response from API: Timeout occurred while connecting to IPP server.
2020-10-17 16:27:07 ERROR (MainThread) [homeassistant.components.generic.camera] Timeout getting camera image from camperCam
2020-10-17 16:32:00 ERROR (MainThread) [homeassistant.components.ipp] Error fetching ipp data: Invalid response from API: Timeout occurred while connecting to IPP server.
2020-10-17 16:32:08 ERROR (MainThread) [homeassistant.components.generic.camera] Timeout getting camera image from camperCam
2020-10-17 16:32:18 ERROR (MainThread) [homeassistant.components.generic.camera] Timeout getting camera image from camperCam
2020-10-17 16:36:52 ERROR (MainThread) [homeassistant.components.generic.camera] Error getting new camera image from camperCam: Response payload is not completed
2020-10-17 16:37:03 ERROR (MainThread) [homeassistant.components.generic.camera] Timeout getting camera image from camperCam
2020-10-17 16:40:51 ERROR (MainThread) [homeassistant.components.generic.camera] Timeout getting camera image from camperCam
2020-10-17 16:55:46 ERROR (MainThread) [homeassistant.components.generic.camera] Error getting new camera image from camperCam: Response payload is not completed
2020-10-17 16:57:15 ERROR (MainThread) [homeassistant.components.generic.camera] Timeout getting camera image from camperCam
2020-10-17 17:00:31 ERROR (MainThread) [homeassistant.components.generic.camera] Error getting new camera image from camperCam: Response payload is not completed
2020-10-17 17:02:30 ERROR (MainThread) [homeassistant.components.ipp] Error fetching ipp data: Invalid response from API: Timeout occurred while connecting to IPP server.
2020-10-17 17:07:56 ERROR (MainThread) [homeassistant.components.generic.camera] Timeout getting camera image from camperCam
2020-10-17 17:09:04 ERROR (MainThread) [homeassistant.components.generic.camera] Error getting new camera image from camperCam: Response payload is not completed
2020-10-17 17:14:06 ERROR (MainThread) [homeassistant.components.generic.camera] Timeout getting camera image from camperCam
2020-10-17 17:14:44 ERROR (MainThread) [homeassistant.components.generic.camera] Timeout getting camera image from camperCam
2020-10-17 17:23:59 ERROR (MainThread) [homeassistant.components.generic.camera] Timeout getting camera image from camperCam
2020-10-17 17:34:42 ERROR (MainThread) [homeassistant.components.generic.camera] Timeout getting camera image from camperCam
2020-10-17 17:42:30 ERROR (MainThread) [homeassistant.components.generic.camera] Timeout getting camera image from camperCam
2020-10-17 17:49:44 ERROR (MainThread) [homeassistant.components.generic.camera] Timeout getting camera image from camperCam
2020-10-17 18:01:37 ERROR (MainThread) [homeassistant.components.generic.camera] Timeout getting camera image from camperCam
2020-10-17 18:03:19 ERROR (MainThread) [homeassistant.components.generic.camera] Error getting new camera image from camperCam: Response payload is not completed
2020-10-17 18:09:39 ERROR (MainThread) [homeassistant.components.generic.camera] Error getting new camera image from camperCam: Response payload is not completed
2020-10-17 18:17:27 ERROR (MainThread) [homeassistant.components.generic.camera] Error getting new camera image from camperCam: Response payload is not completed
2020-10-17 18:20:44 ERROR (MainThread) [homeassistant.components.ipp] Error fetching ipp data: Invalid response from API: Timeout occurred while connecting to IPP server.
2020-10-17 18:28:52 ERROR (MainThread) [homeassistant.components.generic.camera] Timeout getting camera image from camperCam
2020-10-17 18:31:14 ERROR (MainThread) [homeassistant.components.generic.camera] Timeout getting camera image from camperCam
